<?xml version="1.0" encoding="UTF-8"?>
<testng-results skipped="0" failed="0" ignored="0" total="1" passed="1">
  <reporter-output>
  </reporter-output>
  <suite name="Suite" duration-ms="15544" started-at="2017-10-13T16:26:01Z" finished-at="2017-10-13T16:26:16Z">
    <groups>
    </groups>
    <test name="Test" duration-ms="15544" started-at="2017-10-13T16:26:01Z" finished-at="2017-10-13T16:26:16Z">
      <class name="com.netelastic.dragAndDrop">
        <test-method status="PASS" signature="testSetup()[pri:0, instance:com.netelastic.dragAndDrop@15975490]" name="testSetup" is-config="true" duration-ms="2043" started-at="2017-10-13T09:26:01Z" finished-at="2017-10-13T09:26:03Z">
          <reporter-output>
          </reporter-output>
        </test-method> <!-- testSetup -->
        <test-method status="PASS" signature="dragAndDropTest()[pri:0, instance:com.netelastic.dragAndDrop@15975490]" name="dragAndDropTest" duration-ms="13177" started-at="2017-10-13T09:26:03Z" finished-at="2017-10-13T09:26:16Z">
          <reporter-output>
          </reporter-output>
        </test-method> <!-- dragAndDropTest -->
        <test-method status="PASS" signature="teardown()[pri:0, instance:com.netelastic.dragAndDrop@15975490]" name="teardown" is-config="true" duration-ms="315" started-at="2017-10-13T09:26:16Z" finished-at="2017-10-13T09:26:16Z">
          <reporter-output>
          </reporter-output>
        </test-method> <!-- teardown -->
      </class> <!-- com.netelastic.dragAndDrop -->
    </test> <!-- Test -->
  </suite> <!-- Suite -->
</testng-results>
