<?xml version="1.0" encoding="UTF-8"?>
<testng-results skipped="0" failed="0" ignored="0" total="1" passed="1">
  <reporter-output>
  </reporter-output>
  <suite name="Suite" duration-ms="17682" started-at="2018-08-21T05:53:50Z" finished-at="2018-08-21T05:54:08Z">
    <groups>
    </groups>
    <test name="Test" duration-ms="17682" started-at="2018-08-21T05:53:50Z" finished-at="2018-08-21T05:54:08Z">
      <class name="com.netelastic.dragAndDrop">
        <test-method status="PASS" signature="testSetup()[pri:0, instance:com.netelastic.dragAndDrop@5315b42e]" name="testSetup" is-config="true" duration-ms="3140" started-at="2018-08-20T22:53:50Z" finished-at="2018-08-20T22:53:53Z">
          <reporter-output>
          </reporter-output>
        </test-method> <!-- testSetup -->
        <test-method status="PASS" signature="dragAndDropTest()[pri:0, instance:com.netelastic.dragAndDrop@5315b42e]" name="dragAndDropTest" duration-ms="14231" started-at="2018-08-20T22:53:53Z" finished-at="2018-08-20T22:54:08Z">
          <reporter-output>
          </reporter-output>
        </test-method> <!-- dragAndDropTest -->
        <test-method status="PASS" signature="teardown()[pri:0, instance:com.netelastic.dragAndDrop@5315b42e]" name="teardown" is-config="true" duration-ms="293" started-at="2018-08-20T22:54:08Z" finished-at="2018-08-20T22:54:08Z">
          <reporter-output>
          </reporter-output>
        </test-method> <!-- teardown -->
      </class> <!-- com.netelastic.dragAndDrop -->
    </test> <!-- Test -->
  </suite> <!-- Suite -->
</testng-results>
