<?xml version="1.0" encoding="UTF-8"?>
<testng-results skipped="0" failed="0" ignored="0" total="1" passed="1">
  <reporter-output>
  </reporter-output>
  <suite name="Default suite" duration-ms="15423" started-at="2017-10-13T16:35:29Z" finished-at="2017-10-13T16:35:45Z">
    <groups>
    </groups>
    <test name="Default test" duration-ms="15423" started-at="2017-10-13T16:35:29Z" finished-at="2017-10-13T16:35:45Z">
      <class name="com.netelastic.dragAndDrop">
        <test-method status="PASS" signature="testSetup()[pri:0, instance:com.netelastic.dragAndDrop@77cd7a0]" name="testSetup" is-config="true" duration-ms="1907" started-at="2017-10-13T09:35:29Z" finished-at="2017-10-13T09:35:31Z">
          <reporter-output>
          </reporter-output>
        </test-method> <!-- testSetup -->
        <test-method status="PASS" signature="dragAndDropTest()[pri:0, instance:com.netelastic.dragAndDrop@77cd7a0]" name="dragAndDropTest" duration-ms="13138" started-at="2017-10-13T09:35:31Z" finished-at="2017-10-13T09:35:45Z">
          <reporter-output>
          </reporter-output>
        </test-method> <!-- dragAndDropTest -->
        <test-method status="PASS" signature="teardown()[pri:0, instance:com.netelastic.dragAndDrop@77cd7a0]" name="teardown" is-config="true" duration-ms="366" started-at="2017-10-13T09:35:45Z" finished-at="2017-10-13T09:35:45Z">
          <reporter-output>
          </reporter-output>
        </test-method> <!-- teardown -->
      </class> <!-- com.netelastic.dragAndDrop -->
    </test> <!-- Default test -->
  </suite> <!-- Default suite -->
</testng-results>
