<?xml version="1.0" encoding="UTF-8"?>
<testng-results skipped="0" failed="0" ignored="0" total="1" passed="1">
  <reporter-output>
  </reporter-output>
  <suite name="Default suite" duration-ms="17032" started-at="2018-08-21T00:02:19Z" finished-at="2018-08-21T00:02:36Z">
    <groups>
    </groups>
    <test name="Default test" duration-ms="17032" started-at="2018-08-21T00:02:19Z" finished-at="2018-08-21T00:02:36Z">
      <class name="com.netelastic.dragAndDrop">
        <test-method status="PASS" signature="testSetup()[pri:0, instance:com.netelastic.dragAndDrop@6a41eaa2]" name="testSetup" is-config="true" duration-ms="2430" started-at="2018-08-20T17:02:19Z" finished-at="2018-08-20T17:02:22Z">
          <reporter-output>
          </reporter-output>
        </test-method> <!-- testSetup -->
        <test-method status="PASS" signature="dragAndDropTest()[pri:0, instance:com.netelastic.dragAndDrop@6a41eaa2]" name="dragAndDropTest" duration-ms="14326" started-at="2018-08-20T17:02:22Z" finished-at="2018-08-20T17:02:36Z">
          <reporter-output>
          </reporter-output>
        </test-method> <!-- dragAndDropTest -->
        <test-method status="PASS" signature="teardown()[pri:0, instance:com.netelastic.dragAndDrop@6a41eaa2]" name="teardown" is-config="true" duration-ms="254" started-at="2018-08-20T17:02:36Z" finished-at="2018-08-20T17:02:36Z">
          <reporter-output>
          </reporter-output>
        </test-method> <!-- teardown -->
      </class> <!-- com.netelastic.dragAndDrop -->
    </test> <!-- Default test -->
  </suite> <!-- Default suite -->
</testng-results>
